[16:39:58:171] [INFO] - org.springframework.web.servlet.handler.AbstractHandlerMethodMapping$MappingRegistry.register(AbstractHandlerMethodMapping.java:543) - Mapped "{[/view/sysmanage/interfaceconfig/deviceFunctionPoint/getDevice],methods=[POST]}" onto public com.core.common.ISSPReturnObject com.efounder.JEnterprise.controller.systemcenter.interfaceconfig.DeviceFunctionPointController.getDevice()
[16:39:58:177] [INFO] - org.springframework.web.servlet.handler.AbstractHandlerMethodMapping$MappingRegistry.register(AbstractHandlerMethodMapping.java:543) - Mapped "{[/view/sysmanage/interfaceconfig/deviceFunctionPoint/getDeviceFunction],methods=[POST]}" onto public com.core.common.ISSPReturnObject com.efounder.JEnterprise.controller.systemcenter.interfaceconfig.DeviceFunctionPointController.getDeviceFunction(com.efounder.JEnterprise.model.systemcenter.Interfaceconfig.DeviceConfigurationModel)
[16:39:58:186] [INFO] - org.springframework.web.servlet.handler.AbstractHandlerMethodMapping$MappingRegistry.register(AbstractHandlerMethodMapping.java:543) - Mapped "{[/view/sysmanage/interfaceconfig/deviceFunctionPoint/queryPage],methods=[POST]}" onto public java.lang.String com.efounder.JEnterprise.controller.systemcenter.interfaceconfig.DeviceFunctionPointController.getDeviceFunctionPointList(java.lang.String,java.lang.String,java.lang.String,java.lang.Integer,org.springframework.ui.ModelMap)
[16:39:58:186] [INFO] - org.springframework.web.servlet.handler.AbstractHandlerMethodMapping$MappingRegistry.register(AbstractHandlerMethodMapping.java:543) - Mapped "{[/view/sysmanage/interfaceconfig/deviceType/update],methods=[POST]}" onto public com.core.common.ISSPReturnObject com.efounder.JEnterprise.controller.systemcenter.interfaceconfig.DeviceTypeController.update(com.efounder.JEnterprise.model.systemcenter.Interfaceconfig.DeviceTypeModel)
[16:39:58:186] [INFO] - org.springframework.web.servlet.handler.AbstractHandlerMethodMapping$MappingRegistry.register(AbstractHandlerMethodMapping.java:543) - Mapped "{[/view/sysmanage/interfaceconfig/deviceType/delete],methods=[GET]}" onto public com.core.common.ISSPReturnObject com.efounder.JEnterprise.controller.systemcenter.interfaceconfig.DeviceTypeController.delete(com.efounder.JEnterprise.model.systemcenter.Interfaceconfig.DeviceTypeModel)
[16:39:58:187] [INFO] - org.springframework.web.servlet.handler.AbstractHandlerMethodMapping$MappingRegistry.register(AbstractHandlerMethodMapping.java:543) - Mapped "{[/view/sysmanage/interfaceconfig/deviceType/create],methods=[POST]}" onto public com.core.common.ISSPReturnObject com.efounder.JEnterprise.controller.systemcenter.interfaceconfig.DeviceTypeController.create(com.efounder.JEnterprise.model.systemcenter.Interfaceconfig.DeviceTypeModel)
[16:39:58:187] [INFO] - org.springframework.web.servlet.handler.AbstractHandlerMethodMapping$MappingRegistry.register(AbstractHandlerMethodMapping.java:543) - Mapped "{[/view/sysmanage/interfaceconfig/deviceType/query],methods=[GET]}" onto public com.core.common.ISSPReturnObject com.efounder.JEnterprise.controller.systemcenter.interfaceconfig.DeviceTypeController.query(com.efounder.JEnterprise.model.systemcenter.Interfaceconfig.DeviceTypeModel)
[16:39:58:187] [INFO] - org.springframework.web.servlet.handler.AbstractHandlerMethodMapping$MappingRegistry.register(AbstractHandlerMethodMapping.java:543) - Mapped "{[/view/sysmanage/interfaceconfig/deviceType/initializePage],methods=[GET]}" onto public java.lang.String com.efounder.JEnterprise.controller.systemcenter.interfaceconfig.DeviceTypeController.showInitPage()
[16:39:58:187] [INFO] - org.springframework.web.servlet.handler.AbstractHandlerMethodMapping$MappingRegistry.register(AbstractHandlerMethodMapping.java:543) - Mapped "{[/view/sysmanage/interfaceconfig/deviceType/queryPage],methods=[POST]}" onto public java.lang.String com.efounder.JEnterprise.controller.systemcenter.interfaceconfig.DeviceTypeController.getProtocolList(java.lang.String,java.lang.Integer,org.springframework.ui.ModelMap)
[16:39:58:187] [INFO] - org.springframework.web.servlet.handler.AbstractHandlerMethodMapping$MappingRegistry.register(AbstractHandlerMethodMapping.java:543) - Mapped "{[/view/sysmanage/interfaceconfig/messageMonitoring/update],methods=[POST]}" onto public com.core.common.ISSPReturnObject com.efounder.JEnterprise.controller.systemcenter.interfaceconfig.MessageMonitoringController.update(com.efounder.JEnterprise.model.systemcenter.Interfaceconfig.MessageMonitoringModel)
[16:39:58:188] [INFO] - org.springframework.web.servlet.handler.AbstractHandlerMethodMapping$MappingRegistry.register(AbstractHandlerMethodMapping.java:543) - Mapped "{[/view/sysmanage/interfaceconfig/messageMonitoring/delete],methods=[GET]}" onto public com.core.common.ISSPReturnObject com.efounder.JEnterprise.controller.systemcenter.interfaceconfig.MessageMonitoringController.delete(com.efounder.JEnterprise.model.systemcenter.Interfaceconfig.MessageMonitoringModel)
[16:39:58:188] [INFO] - org.springframework.web.servlet.handler.AbstractHandlerMethodMapping$MappingRegistry.register(AbstractHandlerMethodMapping.java:543) - Mapped "{[/view/sysmanage/interfaceconfig/messageMonitoring/query],methods=[GET]}" onto public com.core.common.ISSPReturnObject com.efounder.JEnterprise.controller.systemcenter.interfaceconfig.MessageMonitoringController.query(com.efounder.JEnterprise.model.systemcenter.Interfaceconfig.MessageMonitoringModel)
[16:39:58:188] [INFO] - org.springframework.web.servlet.handler.AbstractHandlerMethodMapping$MappingRegistry.register(AbstractHandlerMethodMapping.java:543) - Mapped "{[/view/sysmanage/interfaceconfig/messageMonitoring/initializePage],methods=[GET]}" onto public java.lang.String com.efounder.JEnterprise.controller.systemcenter.interfaceconfig.MessageMonitoringController.showInitPage()
[16:39:58:188] [INFO] - org.springframework.web.servlet.handler.AbstractHandlerMethodMapping$MappingRegistry.register(AbstractHandlerMethodMapping.java:543) - Mapped "{[/view/sysmanage/interfaceconfig/messageMonitoring/create],methods=[POST]}" onto public com.core.common.ISSPReturnObject com.efounder.JEnterprise.controller.systemcenter.interfaceconfig.MessageMonitoringController.createHost(com.efounder.JEnterprise.model.systemcenter.Interfaceconfig.MessageMonitoringModel)
[16:39:58:188] [INFO] - org.springframework.web.servlet.handler.AbstractHandlerMethodMapping$MappingRegistry.register(AbstractHandlerMethodMapping.java:543) - Mapped "{[/view/sysmanage/interfaceconfig/messageMonitoring/queryPage],methods=[POST]}" onto public java.lang.String com.efounder.JEnterprise.controller.systemcenter.interfaceconfig.MessageMonitoringController.getMessageMonitoringList(java.lang.String,java.lang.Integer,org.springframework.ui.ModelMap)
[16:39:58:189] [INFO] - org.springframework.web.servlet.handler.AbstractHandlerMethodMapping$MappingRegistry.register(AbstractHandlerMethodMapping.java:543) - Mapped "{[/api/public/screen/show]}" onto public java.lang.String com.efounder.JEnterprise.platform.websocket.ScreenController.view()
[16:39:58:189] [INFO] - org.springframework.web.servlet.handler.AbstractHandlerMethodMapping$MappingRegistry.register(AbstractHandlerMethodMapping.java:543) - Mapped "{[/api/public/screen/getScreenData]}" onto public com.alibaba.fastjson.JSONObject com.efounder.JEnterprise.platform.websocket.ScreenController.getScreenData(java.lang.String)
[16:39:58:191] [INFO] - org.springframework.web.servlet.handler.AbstractHandlerMethodMapping$MappingRegistry.register(AbstractHandlerMethodMapping.java:543) - Mapped "{[/swagger-resources/configuration/ui]}" onto public org.springframework.http.ResponseEntity<springfox.documentation.swagger.web.UiConfiguration> springfox.documentation.swagger.web.ApiResourceController.uiConfiguration()
[16:39:58:192] [INFO] - org.springframework.web.servlet.handler.AbstractHandlerMethodMapping$MappingRegistry.register(AbstractHandlerMethodMapping.java:543) - Mapped "{[/swagger-resources]}" onto public org.springframework.http.ResponseEntity<java.util.List<springfox.documentation.swagger.web.SwaggerResource>> springfox.documentation.swagger.web.ApiResourceController.swaggerResources()
[16:39:58:192] [INFO] - org.springframework.web.servlet.handler.AbstractHandlerMethodMapping$MappingRegistry.register(AbstractHandlerMethodMapping.java:543) - Mapped "{[/swagger-resources/configuration/security]}" onto public org.springframework.http.ResponseEntity<springfox.documentation.swagger.web.SecurityConfiguration> springfox.documentation.swagger.web.ApiResourceController.securityConfiguration()
[16:39:58:195] [INFO] - org.springframework.web.servlet.handler.AbstractHandlerMethodMapping$MappingRegistry.register(AbstractHandlerMethodMapping.java:543) - Mapped "{[/v2/api-docs-ext],methods=[GET],produces=[application/json || application/hal+json]}" onto public org.springframework.http.ResponseEntity<springfox.documentation.spring.web.json.Json> com.framework.zcsoft.web.SwaggerBootstrapUiController.apiSorts(java.lang.String,javax.servlet.http.HttpServletRequest)
[16:39:58:199] [INFO] - org.springframework.web.servlet.handler.AbstractHandlerMethodMapping$MappingRegistry.register(AbstractHandlerMethodMapping.java:543) - Mapped "{[/error]}" onto public org.springframework.http.ResponseEntity<java.util.Map<java.lang.String, java.lang.Object>> org.springframework.boot.autoconfigure.web.BasicErrorController.error(javax.servlet.http.HttpServletRequest)
[16:39:58:199] [INFO] - org.springframework.web.servlet.handler.AbstractHandlerMethodMapping$MappingRegistry.register(AbstractHandlerMethodMapping.java:543) - Mapped "{[/error],produces=[text/html]}" onto public org.springframework.web.servlet.ModelAndView org.springframework.boot.autoconfigure.web.BasicErrorController.errorHtml(javax.servlet.http.HttpServletRequest,javax.servlet.http.HttpServletResponse)
[16:40:00:594] [INFO] - org.springframework.web.servlet.handler.AbstractHandlerMethodMapping$MappingRegistry.register(AbstractHandlerMethodMapping.java:543) - Mapped "{[/loggers/{name:.*}],methods=[GET],produces=[application/vnd.spring-boot.actuator.v1+json || application/json]}" onto public java.lang.Object org.springframework.boot.actuate.endpoint.mvc.LoggersMvcEndpoint.get(java.lang.String)
[16:40:00:594] [INFO] - org.springframework.web.servlet.handler.AbstractHandlerMethodMapping$MappingRegistry.register(AbstractHandlerMethodMapping.java:543) - Mapped "{[/loggers/{name:.*}],methods=[POST],consumes=[application/vnd.spring-boot.actuator.v1+json || application/json],produces=[application/vnd.spring-boot.actuator.v1+json || application/json]}" onto public java.lang.Object org.springframework.boot.actuate.endpoint.mvc.LoggersMvcEndpoint.set(java.lang.String,java.util.Map<java.lang.String, java.lang.String>)
[16:40:00:594] [INFO] - org.springframework.web.servlet.handler.AbstractHandlerMethodMapping$MappingRegistry.register(AbstractHandlerMethodMapping.java:543) - Mapped "{[/loggers || /loggers.json],methods=[GET],produces=[application/vnd.spring-boot.actuator.v1+json || application/json]}" onto public java.lang.Object org.springframework.boot.actuate.endpoint.mvc.EndpointMvcAdapter.invoke()
[16:40:00:594] [INFO] - org.springframework.web.servlet.handler.AbstractHandlerMethodMapping$MappingRegistry.register(AbstractHandlerMethodMapping.java:543) - Mapped "{[/mappings || /mappings.json],methods=[GET],produces=[application/vnd.spring-boot.actuator.v1+json || application/json]}" onto public java.lang.Object org.springframework.boot.actuate.endpoint.mvc.EndpointMvcAdapter.invoke()
[16:40:00:595] [INFO] - org.springframework.web.servlet.handler.AbstractHandlerMethodMapping$MappingRegistry.register(AbstractHandlerMethodMapping.java:543) - Mapped "{[/resume || /resume.json],methods=[POST]}" onto public java.lang.Object org.springframework.cloud.endpoint.GenericPostableMvcEndpoint.invoke()
[16:40:00:595] [INFO] - org.springframework.web.servlet.handler.AbstractHandlerMethodMapping$MappingRegistry.register(AbstractHandlerMethodMapping.java:543) - Mapped "{[/dump || /dump.json],methods=[GET],produces=[application/vnd.spring-boot.actuator.v1+json || application/json]}" onto public java.lang.Object org.springframework.boot.actuate.endpoint.mvc.EndpointMvcAdapter.invoke()
[16:40:00:596] [INFO] - org.springframework.web.servlet.handler.AbstractHandlerMethodMapping$MappingRegistry.register(AbstractHandlerMethodMapping.java:543) - Mapped "{[/health || /health.json],methods=[GET],produces=[application/vnd.spring-boot.actuator.v1+json || application/json]}" onto public java.lang.Object org.springframework.boot.actuate.endpoint.mvc.HealthMvcEndpoint.invoke(javax.servlet.http.HttpServletRequest,java.security.Principal)
[16:40:00:596] [INFO] - org.springframework.web.servlet.handler.AbstractHandlerMethodMapping$MappingRegistry.register(AbstractHandlerMethodMapping.java:543) - Mapped "{[/env],methods=[POST]}" onto public java.lang.Object org.springframework.cloud.context.environment.EnvironmentManagerMvcEndpoint.value(java.util.Map<java.lang.String, java.lang.String>)
[16:40:00:596] [INFO] - org.springframework.web.servlet.handler.AbstractHandlerMethodMapping$MappingRegistry.register(AbstractHandlerMethodMapping.java:543) - Mapped "{[/env/reset],methods=[POST]}" onto public java.util.Map<java.lang.String, java.lang.Object> org.springframework.cloud.context.environment.EnvironmentManagerMvcEndpoint.reset()
[16:40:00:597] [INFO] - org.springframework.web.servlet.handler.AbstractHandlerMethodMapping$MappingRegistry.register(AbstractHandlerMethodMapping.java:543) - Mapped "{[/heapdump || /heapdump.json],methods=[GET],produces=[application/octet-stream]}" onto public void org.springframework.boot.actuate.endpoint.mvc.HeapdumpMvcEndpoint.invoke(boolean,javax.servlet.http.HttpServletRequest,javax.servlet.http.HttpServletResponse) throws java.io.IOException,javax.servlet.ServletException
[16:40:00:597] [INFO] - org.springframework.web.servlet.handler.AbstractHandlerMethodMapping$MappingRegistry.register(AbstractHandlerMethodMapping.java:543) - Mapped "{[/configprops || /configprops.json],methods=[GET],produces=[application/vnd.spring-boot.actuator.v1+json || application/json]}" onto public java.lang.Object org.springframework.boot.actuate.endpoint.mvc.EndpointMvcAdapter.invoke()
[16:40:00:597] [INFO] - org.springframework.web.servlet.handler.AbstractHandlerMethodMapping$MappingRegistry.register(AbstractHandlerMethodMapping.java:543) - Mapped "{[/refresh || /refresh.json],methods=[POST]}" onto public java.lang.Object org.springframework.cloud.endpoint.GenericPostableMvcEndpoint.invoke()
[16:40:00:597] [INFO] - org.springframework.web.servlet.handler.AbstractHandlerMethodMapping$MappingRegistry.register(AbstractHandlerMethodMapping.java:543) - Mapped "{[/archaius || /archaius.json],methods=[GET],produces=[application/vnd.spring-boot.actuator.v1+json || application/json]}" onto public java.lang.Object org.springframework.boot.actuate.endpoint.mvc.EndpointMvcAdapter.invoke()
[16:40:00:598] [INFO] - org.springframework.web.servlet.handler.AbstractHandlerMethodMapping$MappingRegistry.register(AbstractHandlerMethodMapping.java:543) - Mapped "{[/auditevents || /auditevents.json],methods=[GET],produces=[application/vnd.spring-boot.actuator.v1+json || application/json]}" onto public org.springframework.http.ResponseEntity<?> org.springframework.boot.actuate.endpoint.mvc.AuditEventsMvcEndpoint.findByPrincipalAndAfterAndType(java.lang.String,java.util.Date,java.lang.String)
[16:40:00:598] [INFO] - org.springframework.web.servlet.handler.AbstractHandlerMethodMapping$MappingRegistry.register(AbstractHandlerMethodMapping.java:543) - Mapped "{[/beans || /beans.json],methods=[GET],produces=[application/vnd.spring-boot.actuator.v1+json || application/json]}" onto public java.lang.Object org.springframework.boot.actuate.endpoint.mvc.EndpointMvcAdapter.invoke()
[16:40:00:599] [INFO] - org.springframework.web.servlet.handler.AbstractHandlerMethodMapping$MappingRegistry.register(AbstractHandlerMethodMapping.java:543) - Mapped "{[/hystrix.stream/**]}" onto public org.springframework.web.servlet.ModelAndView org.springframework.cloud.netflix.endpoint.ServletWrappingEndpoint.handle(javax.servlet.http.HttpServletRequest,javax.servlet.http.HttpServletResponse) throws java.lang.Exception
[16:40:00:599] [INFO] - org.springframework.web.servlet.handler.AbstractHandlerMethodMapping$MappingRegistry.register(AbstractHandlerMethodMapping.java:543) - Mapped "{[/restart || /restart.json],methods=[POST]}" onto public java.lang.Object org.springframework.cloud.context.restart.RestartMvcEndpoint.invoke()
[16:40:00:599] [INFO] - org.springframework.web.servlet.handler.AbstractHandlerMethodMapping$MappingRegistry.register(AbstractHandlerMethodMapping.java:543) - Mapped "{[/trace || /trace.json],methods=[GET],produces=[application/vnd.spring-boot.actuator.v1+json || application/json]}" onto public java.lang.Object org.springframework.boot.actuate.endpoint.mvc.EndpointMvcAdapter.invoke()
[16:40:00:600] [INFO] - org.springframework.web.servlet.handler.AbstractHandlerMethodMapping$MappingRegistry.register(AbstractHandlerMethodMapping.java:543) - Mapped "{[/info || /info.json],methods=[GET],produces=[application/vnd.spring-boot.actuator.v1+json || application/json]}" onto public java.lang.Object org.springframework.boot.actuate.endpoint.mvc.EndpointMvcAdapter.invoke()
[16:40:00:600] [INFO] - org.springframework.web.servlet.handler.AbstractHandlerMethodMapping$MappingRegistry.register(AbstractHandlerMethodMapping.java:543) - Mapped "{[/routes || /routes.json],methods=[POST]}" onto public java.util.Map<java.lang.String, java.lang.String> org.springframework.cloud.netflix.zuul.RoutesEndpoint.reset()
[16:40:00:600] [INFO] - org.springframework.web.servlet.handler.AbstractHandlerMethodMapping$MappingRegistry.register(AbstractHandlerMethodMapping.java:543) - Mapped "{[/routes || /routes.json],methods=[GET]}" onto public java.util.Map<java.lang.String, java.lang.String> org.springframework.cloud.netflix.zuul.RoutesEndpoint.getRoutes()
[16:40:00:600] [INFO] - org.springframework.web.servlet.handler.AbstractHandlerMethodMapping$MappingRegistry.register(AbstractHandlerMethodMapping.java:543) - Mapped "{[/autoconfig || /autoconfig.json],methods=[GET],produces=[application/vnd.spring-boot.actuator.v1+json || application/json]}" onto public java.lang.Object org.springframework.boot.actuate.endpoint.mvc.EndpointMvcAdapter.invoke()
[16:40:00:601] [INFO] - org.springframework.web.servlet.handler.AbstractHandlerMethodMapping$MappingRegistry.register(AbstractHandlerMethodMapping.java:543) - Mapped "{[/pause || /pause.json],methods=[POST]}" onto public java.lang.Object org.springframework.cloud.endpoint.GenericPostableMvcEndpoint.invoke()
[16:40:00:601] [INFO] - org.springframework.web.servlet.handler.AbstractHandlerMethodMapping$MappingRegistry.register(AbstractHandlerMethodMapping.java:543) - Mapped "{[/env/{name:.*}],methods=[GET],produces=[application/vnd.spring-boot.actuator.v1+json || application/json]}" onto public java.lang.Object org.springframework.boot.actuate.endpoint.mvc.EnvironmentMvcEndpoint.value(java.lang.String)
[16:40:00:601] [INFO] - org.springframework.web.servlet.handler.AbstractHandlerMethodMapping$MappingRegistry.register(AbstractHandlerMethodMapping.java:543) - Mapped "{[/env || /env.json],methods=[GET],produces=[application/vnd.spring-boot.actuator.v1+json || application/json]}" onto public java.lang.Object org.springframework.boot.actuate.endpoint.mvc.EndpointMvcAdapter.invoke()
[16:40:00:602] [INFO] - org.springframework.web.servlet.handler.AbstractHandlerMethodMapping$MappingRegistry.register(AbstractHandlerMethodMapping.java:543) - Mapped "{[/metrics/{name:.*}],methods=[GET],produces=[application/vnd.spring-boot.actuator.v1+json || application/json]}" onto public java.lang.Object org.springframework.boot.actuate.endpoint.mvc.MetricsMvcEndpoint.value(java.lang.String)
[16:40:00:602] [INFO] - org.springframework.web.servlet.handler.AbstractHandlerMethodMapping$MappingRegistry.register(AbstractHandlerMethodMapping.java:543) - Mapped "{[/metrics || /metrics.json],methods=[GET],produces=[application/vnd.spring-boot.actuator.v1+json || application/json]}" onto public java.lang.Object org.springframework.boot.actuate.endpoint.mvc.EndpointMvcAdapter.invoke()
[16:40:01:450] [INFO] - springfox.documentation.spring.web.PropertySourcedRequestMappingHandlerMapping.initHandlerMethods(PropertySourcedRequestMappingHandlerMapping.java:69) - Mapped URL path [/v2/api-docs] onto method [public org.springframework.http.ResponseEntity<springfox.documentation.spring.web.json.Json> springfox.documentation.swagger2.web.Swagger2Controller.getDocumentation(java.lang.String,javax.servlet.http.HttpServletRequest)]
[16:40:01:716] [INFO] - org.springframework.scheduling.concurrent.ExecutorConfigurationSupport.initialize(ExecutorConfigurationSupport.java:165) - Initializing ExecutorService  'defaultSockJsTaskScheduler'
[16:40:01:842] [INFO] - com.efounder.JEnterprise.platform.websocket.config.WebSocketConfig.registerWebSocketHandlers(WebSocketConfig.java:30) - WebSocket已注册，WB地址：/screen/wb
[16:40:01:842] [INFO] - com.efounder.JEnterprise.platform.websocket.config.WebSocketConfig.registerWebSocketHandlers(WebSocketConfig.java:35) - WebSocket已注册，WB地址：/screen/wb/pdu
[16:40:01:870] [INFO] - org.springframework.web.servlet.handler.AbstractUrlHandlerMapping.registerHandler(AbstractUrlHandlerMapping.java:362) - Mapped URL path [/screen/wb] onto handler of type [class org.springframework.web.socket.server.support.WebSocketHttpRequestHandler]
[16:40:01:870] [INFO] - org.springframework.web.servlet.handler.AbstractUrlHandlerMapping.registerHandler(AbstractUrlHandlerMapping.java:362) - Mapped URL path [/screen/wb/pdu] onto handler of type [class org.springframework.web.socket.server.support.WebSocketHttpRequestHandler]
[16:40:04:346] [INFO] - org.springframework.web.servlet.mvc.method.annotation.RequestMappingHandlerAdapter.initControllerAdviceCache(RequestMappingHandlerAdapter.java:534) - Looking for @ControllerAdvice: org.springframework.boot.context.embedded.AnnotationConfigEmbeddedWebApplicationContext@73c8c61a: startup date [Thu Mar 03 16:39:10 CST 2022]; parent: org.springframework.context.annotation.AnnotationConfigApplicationContext@e32fc35
[16:40:04:679] [INFO] - org.springframework.web.servlet.handler.AbstractUrlHandlerMapping.registerHandler(AbstractUrlHandlerMapping.java:349) - Root mapping to handler of type [class org.springframework.web.servlet.mvc.ParameterizableViewController]
[16:40:04:737] [INFO] - org.springframework.web.servlet.handler.AbstractUrlHandlerMapping.registerHandler(AbstractUrlHandlerMapping.java:362) - Mapped URL path [/expExcelService] onto handler '/expExcelService'
[16:40:04:737] [INFO] - org.springframework.web.servlet.handler.AbstractUrlHandlerMapping.registerHandler(AbstractUrlHandlerMapping.java:362) - Mapped URL path [/BESWorkBenchTreeService] onto handler '/BESWorkBenchTreeService'
[16:40:04:737] [INFO] - org.springframework.web.servlet.handler.AbstractUrlHandlerMapping.registerHandler(AbstractUrlHandlerMapping.java:362) - Mapped URL path [/BesExportAnalysisService] onto handler '/BesExportAnalysisService'
[16:40:04:738] [INFO] - org.springframework.web.servlet.handler.AbstractUrlHandlerMapping.registerHandler(AbstractUrlHandlerMapping.java:362) - Mapped URL path [/BesZlthbfxService] onto handler '/BesZlthbfxService'
[16:40:04:738] [INFO] - org.springframework.web.servlet.handler.AbstractUrlHandlerMapping.registerHandler(AbstractUrlHandlerMapping.java:362) - Mapped URL path [/BESZlynjcService] onto handler '/BESZlynjcService'
[16:40:04:788] [INFO] - com.efounder.JEnterprise.config.mvc.WebMvcConfig.addResourceHandlers(WebMvcConfig.java:16) - # WebMvcConfig addResourceHandlers ...
[16:40:04:793] [INFO] - org.springframework.web.servlet.handler.AbstractUrlHandlerMapping.registerHandler(AbstractUrlHandlerMapping.java:362) - Mapped URL path [/api-docs.html] onto handler of type [class org.springframework.web.servlet.resource.ResourceHttpRequestHandler]
[16:40:04:793] [INFO] - org.springframework.web.servlet.handler.AbstractUrlHandlerMapping.registerHandler(AbstractUrlHandlerMapping.java:362) - Mapped URL path [/webjars/**] onto handler of type [class org.springframework.web.servlet.resource.ResourceHttpRequestHandler]
[16:40:04:793] [INFO] - org.springframework.web.servlet.handler.AbstractUrlHandlerMapping.registerHandler(AbstractUrlHandlerMapping.java:362) - Mapped URL path [/static/**] onto handler of type [class org.springframework.web.servlet.resource.ResourceHttpRequestHandler]
[16:40:04:793] [INFO] - org.springframework.web.servlet.handler.AbstractUrlHandlerMapping.registerHandler(AbstractUrlHandlerMapping.java:362) - Mapped URL path [/file/**] onto handler of type [class org.springframework.web.servlet.resource.ResourceHttpRequestHandler]
[16:40:04:793] [INFO] - org.springframework.web.servlet.handler.AbstractUrlHandlerMapping.registerHandler(AbstractUrlHandlerMapping.java:362) - Mapped URL path [/article/**] onto handler of type [class org.springframework.web.servlet.resource.ResourceHttpRequestHandler]
[16:40:04:794] [INFO] - org.springframework.web.servlet.handler.AbstractUrlHandlerMapping.registerHandler(AbstractUrlHandlerMapping.java:362) - Mapped URL path [/**] onto handler of type [class org.springframework.web.servlet.resource.ResourceHttpRequestHandler]
[16:40:04:794] [INFO] - org.springframework.web.servlet.handler.AbstractUrlHandlerMapping.registerHandler(AbstractUrlHandlerMapping.java:362) - Mapped URL path [/template/**] onto handler of type [class org.springframework.web.servlet.resource.ResourceHttpRequestHandler]
[16:40:05:114] [INFO] - org.springframework.web.servlet.handler.AbstractUrlHandlerMapping.registerHandler(AbstractUrlHandlerMapping.java:362) - Mapped URL path [/**/favicon.ico] onto handler of type [class org.springframework.web.servlet.resource.ResourceHttpRequestHandler]
[16:40:07:518] [INFO] - org.springframework.scheduling.concurrent.ExecutorConfigurationSupport.initialize(ExecutorConfigurationSupport.java:165) - Initializing ExecutorService  'taskScheduler'
[16:40:10:246] [INFO] - org.springframework.boot.devtools.autoconfigure.OptionalLiveReloadServer.startServer(OptionalLiveReloadServer.java:58) - LiveReload server is running on port 35729
[16:40:10:636] [WARN] - org.springframework.cloud.netflix.archaius.ArchaiusAutoConfiguration.configureArchaius(ArchaiusAutoConfiguration.java:137) - No spring.application.name found, defaulting to 'application'
[16:40:10:637] [WARN] - com.netflix.config.sources.URLConfigurationSource.<init>(URLConfigurationSource.java:121) - No URLs will be polled as dynamic configuration sources.
[16:40:10:637] [INFO] - com.netflix.config.sources.URLConfigurationSource.<init>(URLConfigurationSource.java:122) - To enable URLs as dynamic configuration sources, define System property archaius.configurationSource.additionalUrls or make config.properties available on classpath.
[16:40:11:942] [INFO] - org.springframework.jmx.export.MBeanExporter.afterSingletonsInstantiated(MBeanExporter.java:431) - Registering beans for JMX exposure on startup
[16:40:11:944] [INFO] - org.springframework.jmx.export.MBeanExporter.autodetect(MBeanExporter.java:916) - Bean with name 'writeDataSource' has been autodetected for JMX exposure
[16:40:11:956] [INFO] - org.springframework.jmx.export.MBeanExporter.autodetect(MBeanExporter.java:916) - Bean with name 'zuulEndpoint' has been autodetected for JMX exposure
[16:40:11:960] [INFO] - org.springframework.jmx.export.MBeanExporter.autodetect(MBeanExporter.java:916) - Bean with name 'configurationPropertiesRebinder' has been autodetected for JMX exposure
[16:40:11:960] [INFO] - org.springframework.jmx.export.MBeanExporter.autodetect(MBeanExporter.java:916) - Bean with name 'refreshEndpoint' has been autodetected for JMX exposure
[16:40:11:960] [INFO] - org.springframework.jmx.export.MBeanExporter.autodetect(MBeanExporter.java:916) - Bean with name 'restartEndpoint' has been autodetected for JMX exposure
[16:40:11:960] [INFO] - org.springframework.jmx.export.MBeanExporter.autodetect(MBeanExporter.java:916) - Bean with name 'refreshScope' has been autodetected for JMX exposure
[16:40:11:961] [INFO] - org.springframework.jmx.export.MBeanExporter.autodetect(MBeanExporter.java:916) - Bean with name 'environmentManager' has been autodetected for JMX exposure
[16:40:11:965] [INFO] - org.springframework.jmx.export.MBeanExporter.registerBeanInstance(MBeanExporter.java:678) - Located managed bean 'environmentManager': registering with JMX server as MBean [bes:name=environmentManager,type=EnvironmentManager]
[16:40:11:981] [INFO] - org.springframework.jmx.export.MBeanExporter.registerBeanInstance(MBeanExporter.java:678) - Located managed bean 'restartEndpoint': registering with JMX server as MBean [bes:name=restartEndpoint,type=RestartEndpoint]
[16:40:11:994] [INFO] - org.springframework.jmx.export.MBeanExporter.registerBeanInstance(MBeanExporter.java:671) - Located MBean 'writeDataSource': registering with JMX server as MBean [bes:name=writeDataSource,type=DruidDataSource]
[16:40:11:997] [INFO] - org.springframework.jmx.export.MBeanExporter.registerBeanInstance(MBeanExporter.java:678) - Located managed bean 'refreshScope': registering with JMX server as MBean [bes:name=refreshScope,type=RefreshScope]
[16:40:12:017] [INFO] - org.springframework.jmx.export.MBeanExporter.registerBeanInstance(MBeanExporter.java:678) - Located managed bean 'zuulEndpoint': registering with JMX server as MBean [bes:name=zuulEndpoint,type=RoutesEndpoint]
[16:40:12:020] [INFO] - org.springframework.jmx.export.MBeanExporter.registerBeanInstance(MBeanExporter.java:678) - Located managed bean 'configurationPropertiesRebinder': registering with JMX server as MBean [bes:name=configurationPropertiesRebinder,context=73c8c61a,type=ConfigurationPropertiesRebinder]
[16:40:12:024] [INFO] - org.springframework.jmx.export.MBeanExporter.registerBeanInstance(MBeanExporter.java:678) - Located managed bean 'refreshEndpoint': registering with JMX server as MBean [bes:name=refreshEndpoint,type=RefreshEndpoint]
[16:40:12:030] [INFO] - org.springframework.jmx.export.MBeanExporter.afterSingletonsInstantiated(MBeanExporter.java:431) - Registering beans for JMX exposure on startup
[16:40:12:471] [INFO] - org.springframework.context.support.DefaultLifecycleProcessor$LifecycleGroup.start(DefaultLifecycleProcessor.java:343) - Starting beans in phase 0
[16:40:12:475] [INFO] - org.springframework.jmx.export.MBeanExporter.registerBeanInstance(MBeanExporter.java:678) - Located managed bean 'auditEventsEndpoint': registering with JMX server as MBean [bes:type=Endpoint,name=auditEventsEndpoint]
[16:40:12:485] [INFO] - org.springframework.jmx.export.MBeanExporter.registerBeanInstance(MBeanExporter.java:678) - Located managed bean 'requestMappingEndpoint': registering with JMX server as MBean [bes:type=Endpoint,name=requestMappingEndpoint]
[16:40:12:494] [INFO] - org.springframework.jmx.export.MBeanExporter.registerBeanInstance(MBeanExporter.java:678) - Located managed bean 'environmentEndpoint': registering with JMX server as MBean [bes:type=Endpoint,name=environmentEndpoint]
[16:40:12:497] [INFO] - org.springframework.jmx.export.MBeanExporter.registerBeanInstance(MBeanExporter.java:678) - Located managed bean 'healthEndpoint': registering with JMX server as MBean [bes:type=Endpoint,name=healthEndpoint]
[16:40:12:499] [INFO] - org.springframework.jmx.export.MBeanExporter.registerBeanInstance(MBeanExporter.java:678) - Located managed bean 'beansEndpoint': registering with JMX server as MBean [bes:type=Endpoint,name=beansEndpoint]
[16:40:12:502] [INFO] - org.springframework.jmx.export.MBeanExporter.registerBeanInstance(MBeanExporter.java:678) - Located managed bean 'infoEndpoint': registering with JMX server as MBean [bes:type=Endpoint,name=infoEndpoint]
[16:40:12:505] [INFO] - org.springframework.jmx.export.MBeanExporter.registerBeanInstance(MBeanExporter.java:678) - Located managed bean 'loggersEndpoint': registering with JMX server as MBean [bes:type=Endpoint,name=loggersEndpoint]
[16:40:12:512] [INFO] - org.springframework.jmx.export.MBeanExporter.registerBeanInstance(MBeanExporter.java:678) - Located managed bean 'metricsEndpoint': registering with JMX server as MBean [bes:type=Endpoint,name=metricsEndpoint]
[16:40:12:515] [INFO] - org.springframework.jmx.export.MBeanExporter.registerBeanInstance(MBeanExporter.java:678) - Located managed bean 'traceEndpoint': registering with JMX server as MBean [bes:type=Endpoint,name=traceEndpoint]
[16:40:12:518] [INFO] - org.springframework.jmx.export.MBeanExporter.registerBeanInstance(MBeanExporter.java:678) - Located managed bean 'dumpEndpoint': registering with JMX server as MBean [bes:type=Endpoint,name=dumpEndpoint]
[16:40:12:520] [INFO] - org.springframework.jmx.export.MBeanExporter.registerBeanInstance(MBeanExporter.java:678) - Located managed bean 'autoConfigurationReportEndpoint': registering with JMX server as MBean [bes:type=Endpoint,name=autoConfigurationReportEndpoint]
[16:40:12:522] [INFO] - org.springframework.jmx.export.MBeanExporter.registerBeanInstance(MBeanExporter.java:678) - Located managed bean 'configurationPropertiesReportEndpoint': registering with JMX server as MBean [bes:type=Endpoint,name=configurationPropertiesReportEndpoint]
[16:40:12:525] [INFO] - org.springframework.jmx.export.MBeanExporter.registerBeanInstance(MBeanExporter.java:678) - Located managed bean 'archaiusEndpoint': registering with JMX server as MBean [bes:type=Endpoint,name=archaiusEndpoint]
[16:40:12:526] [INFO] - org.springframework.integration.endpoint.EventDrivenConsumer.logComponentSubscriptionEvent(EventDrivenConsumer.java:108) - Adding {logging-channel-adapter:_org.springframework.integration.errorLogger} as a subscriber to the 'errorChannel' channel
[16:40:12:526] [INFO] - org.springframework.integration.channel.AbstractSubscribableChannel.adjustCounterIfNecessary(AbstractSubscribableChannel.java:81) - Channel 'application:dev:8083.errorChannel' has 1 subscriber(s).
[16:40:12:526] [INFO] - org.springframework.integration.endpoint.AbstractEndpoint.start(AbstractEndpoint.java:120) - started _org.springframework.integration.errorLogger
[16:40:12:526] [INFO] - org.springframework.context.support.DefaultLifecycleProcessor$LifecycleGroup.start(DefaultLifecycleProcessor.java:343) - Starting beans in phase 2147483647
[16:40:12:526] [INFO] - springfox.documentation.spring.web.plugins.DocumentationPluginsBootstrapper.start(DocumentationPluginsBootstrapper.java:160) - Context refreshed
[16:40:12:543] [INFO] - springfox.documentation.spring.web.plugins.DocumentationPluginsBootstrapper.start(DocumentationPluginsBootstrapper.java:163) - Found 1 custom documentation plugin(s)
[16:40:12:604] [INFO] - springfox.documentation.spring.web.scanners.ApiListingReferenceScanner.scan(ApiListingReferenceScanner.java:41) - Scanning for api listing references
[16:40:12:882] [INFO] - org.springframework.scheduling.quartz.SchedulerFactoryBean.startScheduler(SchedulerFactoryBean.java:650) - Will start Quartz Scheduler [RuoyiScheduler] in 1 seconds
[16:40:12:887] [INFO] - org.springframework.cloud.netflix.hystrix.HystrixCircuitBreakerConfiguration$HystrixMetricsPollerConfiguration.start(HystrixCircuitBreakerConfiguration.java:138) - Starting poller
[16:40:12:914] [INFO] - org.apache.juli.logging.DirectJDKLog.log(DirectJDKLog.java:179) - Initializing ProtocolHandler ["https-jsse-nio-8083"]
[16:40:12:932] [INFO] - org.apache.juli.logging.DirectJDKLog.log(DirectJDKLog.java:179) - Starting ProtocolHandler ["https-jsse-nio-8083"]
[16:40:12:993] [INFO] - org.apache.juli.logging.DirectJDKLog.log(DirectJDKLog.java:179) - Using a shared selector for servlet write/read
[16:40:13:007] [INFO] - org.apache.juli.logging.DirectJDKLog.log(DirectJDKLog.java:179) - Initializing ProtocolHandler ["http-nio-8082"]
[16:40:13:008] [INFO] - org.apache.juli.logging.DirectJDKLog.log(DirectJDKLog.java:179) - Using a shared selector for servlet write/read
[16:40:13:008] [INFO] - org.apache.juli.logging.DirectJDKLog.log(DirectJDKLog.java:179) - Starting ProtocolHandler ["http-nio-8082"]
[16:40:13:020] [INFO] - org.springframework.boot.context.embedded.tomcat.TomcatEmbeddedServletContainer.start(TomcatEmbeddedServletContainer.java:201) - Tomcat started on port(s): 8083 (https) 8082 (http)
[16:40:13:894] [INFO] - org.springframework.scheduling.quartz.SchedulerFactoryBean$1.run(SchedulerFactoryBean.java:665) - Starting Quartz Scheduler now, after delay of 1 seconds
[16:40:13:900] [INFO] - org.quartz.impl.jdbcjobstore.JobStoreSupport.logWarnIfNonZero(JobStoreSupport.java:3567) - ClusterManager: detected 1 failed or restarted instances.
[16:40:13:901] [INFO] - org.quartz.impl.jdbcjobstore.JobStoreSupport.clusterRecover(JobStoreSupport.java:3426) - ClusterManager: Scanning for instance "LAPTOP-N3H3E24K1646295874125"'s failed in-progress jobs.
[16:40:13:913] [INFO] - org.quartz.core.QuartzScheduler.start(QuartzScheduler.java:575) - Scheduler RuoyiScheduler_$_LAPTOP-N3H3E24K1646296777458 started.
[16:40:13:917] [INFO] - org.quartz.impl.jdbcjobstore.JobStoreSupport.recoverMisfiredJobs(JobStoreSupport.java:968) - Handling 1 trigger(s) that missed their scheduled fire-time.
[16:40:13:923] [INFO] - org.apache.shiro.cache.ehcache.EhCacheManager.getCache(EhCacheManager.java:169) - Using existing EHCache named [sbPzStructCache]
[16:40:14:816] [INFO] - com.efounder.JEnterprise.service.usercenter.impl.ESRoleServiceImpl.findRoles(ESRoleServiceImpl.java:38) - #userRoleMapper获取用户角色信息
[16:40:14:819] [INFO] - com.efounder.JEnterprise.timer.manage.PduStatusManage.statusCompare(PduStatusManage.java:179) - PDU状态没有缓存数据,不继续执行判断：PduStatusData.switchStatusMap.size()=0
[16:40:14:821] [INFO] - org.apache.shiro.cache.ehcache.EhCacheManager.getCache(EhCacheManager.java:169) - Using existing EHCache named [roleCache]
[16:40:14:822] [INFO] - org.apache.shiro.cache.ehcache.EhCacheManager.getCache(EhCacheManager.java:169) - Using existing EHCache named [subRealtimeData]
[16:40:14:846] [INFO] - org.apache.shiro.cache.ehcache.EhCacheManager.getCache(EhCacheManager.java:169) - Using existing EHCache named [groupCache]
[16:40:14:862] [INFO] - org.apache.shiro.cache.ehcache.EhCacheManager.getCache(EhCacheManager.java:169) - Using existing EHCache named [roleGroupCache]
[16:40:14:877] [INFO] - org.apache.shiro.cache.ehcache.EhCacheManager.getCache(EhCacheManager.java:169) - Using existing EHCache named [subitemConfigCache]
[16:40:15:880] [INFO] - org.apache.shiro.cache.ehcache.EhCacheManager.getCache(EhCacheManager.java:169) - Using existing EHCache named [aiPointCache]
[16:40:16:006] [INFO] - org.apache.shiro.cache.ehcache.EhCacheManager.getCache(EhCacheManager.java:169) - Using existing EHCache named [ammeterCache]
[16:40:16:493] [INFO] - org.apache.shiro.cache.ehcache.EhCacheManager.getCache(EhCacheManager.java:169) - Using existing EHCache named [aoPointCache]
[16:40:16:540] [INFO] - org.apache.shiro.cache.ehcache.EhCacheManager.getCache(EhCacheManager.java:169) - Using existing EHCache named [branchAmmeterRlgl]
[16:40:16:584] [INFO] - org.apache.shiro.cache.ehcache.EhCacheManager.getCache(EhCacheManager.java:169) - Using existing EHCache named [branchConfAlarmConfiguration]
[16:40:16:610] [INFO] - org.apache.shiro.cache.ehcache.EhCacheManager.getCache(EhCacheManager.java:169) - Using existing EHCache named [branchConfigCache]
[16:40:16:619] [INFO] - org.apache.shiro.cache.ehcache.EhCacheManager.getCache(EhCacheManager.java:169) - Using existing EHCache named [branchConfParameter]
[16:40:16:627] [INFO] - org.apache.shiro.cache.ehcache.EhCacheManager.getCache(EhCacheManager.java:169) - Using existing EHCache named [collectorCache]
[16:40:16:629] [INFO] - org.apache.shiro.cache.ehcache.EhCacheManager.getCache(EhCacheManager.java:169) - Using existing EHCache named [collMethod]
[16:40:16:640] [INFO] - org.apache.shiro.cache.ehcache.EhCacheManager.getCache(EhCacheManager.java:169) - Using existing EHCache named [ddcCache]
[16:40:16:646] [INFO] - org.apache.shiro.cache.ehcache.EhCacheManager.getCache(EhCacheManager.java:169) - Using existing EHCache named [deviceConfigurationCache]
[16:40:16:649] [INFO] - org.apache.shiro.cache.ehcache.EhCacheManager.getCache(EhCacheManager.java:169) - Using existing EHCache named [deviceFunctionCache]
[16:40:18:970] [ERROR] - com.efounder.JEnterprise.timer.manage.PduStatusManage.getOnlineData(PduStatusManage.java:143) - 在线状态的PDU设备数据获取方法-请求报错:Connect to localhost:8060 [localhost/127.0.0.1, localhost/0:0:0:0:0:0:0:1] failed: Connection refused: connect
[16:40:20:520] [INFO] - org.apache.shiro.cache.ehcache.EhCacheManager.getCache(EhCacheManager.java:169) - Using existing EHCache named [deviceFunctionPointCache]
[16:40:20:524] [INFO] - org.apache.shiro.cache.ehcache.EhCacheManager.getCache(EhCacheManager.java:169) - Using existing EHCache named [deviceTypeCache]
[16:40:20:543] [INFO] - org.apache.shiro.cache.ehcache.EhCacheManager.getCache(EhCacheManager.java:169) - Using existing EHCache named [diPointCache]
[16:40:20:814] [INFO] - org.apache.shiro.cache.ehcache.EhCacheManager.getCache(EhCacheManager.java:169) - Using existing EHCache named [doPointCache]
[16:40:20:849] [INFO] - org.apache.shiro.cache.ehcache.EhCacheManager.getCache(EhCacheManager.java:169) - Using existing EHCache named [electricCollRlgl]
[16:40:20:853] [INFO] - org.apache.shiro.cache.ehcache.EhCacheManager.getCache(EhCacheManager.java:169) - Using existing EHCache named [electricParams]
[16:40:20:854] [INFO] - org.apache.shiro.cache.ehcache.EhCacheManager.getCache(EhCacheManager.java:169) - Using existing EHCache named [energyTypeCache]
[16:40:20:855] [INFO] - org.apache.shiro.cache.ehcache.EhCacheManager.getCache(EhCacheManager.java:169) - Using existing EHCache named [householdBranchRlgl]
[16:40:20:857] [INFO] - org.apache.shiro.cache.ehcache.EhCacheManager.getCache(EhCacheManager.java:169) - Using existing EHCache named [householdConfigCache]
[16:40:20:859] [INFO] - org.apache.shiro.cache.ehcache.EhCacheManager.getCache(EhCacheManager.java:169) - Using existing EHCache named [messageMonitoringCache]
[16:40:20:859] [INFO] - org.apache.shiro.cache.ehcache.EhCacheManager.getCache(EhCacheManager.java:169) - Using existing EHCache named [originalData]
[16:40:20:860] [INFO] - org.apache.shiro.cache.ehcache.EhCacheManager.getCache(EhCacheManager.java:169) - Using existing EHCache named [planCache]
[16:40:20:865] [INFO] - org.apache.shiro.cache.ehcache.EhCacheManager.getCache(EhCacheManager.java:169) - Using existing EHCache named [sbTreeNodeTypeCache]
[16:40:20:868] [INFO] - org.apache.shiro.cache.ehcache.EhCacheManager.getCache(EhCacheManager.java:169) - Using existing EHCache named [sceneModeCache]
[16:40:20:871] [INFO] - org.apache.shiro.cache.ehcache.EhCacheManager.getCache(EhCacheManager.java:169) - Using existing EHCache named [scenePointCache]
[16:40:20:872] [INFO] - org.apache.shiro.cache.ehcache.EhCacheManager.getCache(EhCacheManager.java:169) - Using existing EHCache named [subitemBranchRlgl]
[16:40:20:875] [INFO] - org.apache.shiro.cache.ehcache.EhCacheManager.getCache(EhCacheManager.java:169) - Using existing EHCache named [timeTaskCache]
[16:40:20:878] [INFO] - org.apache.shiro.cache.ehcache.EhCacheManager.getCache(EhCacheManager.java:169) - Using existing EHCache named [virtualPointCache]
[16:40:20:880] [INFO] - org.springframework.boot.StartupInfoLogger.logStarted(StartupInfoLogger.java:57) - Started BESApplication in 73.924 seconds (JVM running for 76.934)
[16:40:25:216] [INFO] - org.apache.juli.logging.DirectJDKLog.log(DirectJDKLog.java:179) - Initializing Spring FrameworkServlet 'dispatcherServlet'
[16:40:25:216] [INFO] - org.springframework.web.servlet.FrameworkServlet.initServletBean(FrameworkServlet.java:489) - FrameworkServlet 'dispatcherServlet': initialization started
[16:40:25:321] [INFO] - org.springframework.web.servlet.FrameworkServlet.initServletBean(FrameworkServlet.java:508) - FrameworkServlet 'dispatcherServlet': initialization completed in 105 ms
[16:40:25:365] [WARN] - org.springframework.cloud.netflix.zuul.web.ZuulHandlerMapping.registerHandlers(ZuulHandlerMapping.java:104) - No routes found from RouteLocator
[16:40:25:381] [INFO] - com.efounder.JEnterprise.controller.MainController.home(MainController.java:21) - # 进入默认首页
[16:40:25:823] [INFO] - com.efounder.JEnterprise.controller.LoginController.getLeftMenu(LoginController.java:342) - 加载左侧树
[16:40:25:877] [INFO] - com.efounder.JEnterprise.controller.dataAnalysises.wainingInfo.WariningMonitoringController.getNoRecoverCount(WariningMonitoringController.java:233) - # BESBattery_Alarm_RecordController 刷新当前未恢复条数信息
[16:40:25:954] [INFO] - com.efounder.JEnterprise.controller.LoginController.getLeftMenu(LoginController.java:342) - 加载左侧树
[16:40:25:975] [INFO] - com.efounder.JEnterprise.controller.GHEEViewController.mainIdex(GHEEViewController.java:33) - # loding view/main-index
[16:40:25:977] [INFO] - org.ace.websocket.core.TextWebSocketFrameHandler.channelActive(TextWebSocketFrameHandler.java:154) - Channel active. remote Address:/127.0.0.1:62784
[16:40:26:077] [WARN] - org.ace.websocket.handler.login.LoginCmdHandler.execute(LoginCmdHandler.java:58) - Error code:-10002 Http session id:D7940FDF2826F8843F7EEF666642A416 Http session was not exists or expired
[16:40:26:161] [INFO] - com.efounder.JEnterprise.controller.basedatamanage.workbench.BESWorkBenchTreeController.GetTodayRankEnergyNew(BESWorkBenchTreeController.java:292) - #今日能耗排行接口
[16:40:26:161] [INFO] - com.efounder.JEnterprise.controller.basedatamanage.workbench.BESWorkBenchTreeController.getHouseHoldDataNew(BESWorkBenchTreeController.java:310) - #今日能耗趋势接口
[16:40:26:162] [INFO] - com.efounder.JEnterprise.controller.basedatamanage.workbench.BESWorkBenchTreeController.getleftInfo(BESWorkBenchTreeController.java:228) - #园区信息
[16:40:26:165] [INFO] - com.efounder.JEnterprise.controller.basedatamanage.workbench.BESWorkBenchTreeController.illuminationNew(BESWorkBenchTreeController.java:328) - #今日同环比,本月同环比接口
[16:40:26:172] [INFO] - com.efounder.JEnterprise.controller.basedatamanage.workbench.BESWorkBenchTreeController.illuminationNew(BESWorkBenchTreeController.java:328) - #今日同环比,本月同环比接口
[16:40:26:172] [INFO] - com.efounder.JEnterprise.controller.basedatamanage.workbench.BESWorkBenchTreeController.illuminationNew(BESWorkBenchTreeController.java:328) - #今日同环比,本月同环比接口
[16:40:26:184] [INFO] - com.efounder.JEnterprise.controller.basedatamanage.workbench.BESWorkBenchTreeController.illuminationNew(BESWorkBenchTreeController.java:328) - #今日同环比,本月同环比接口
[16:40:26:194] [INFO] - com.efounder.JEnterprise.controller.dataAnalysises.BESHouseHoldDataController.queryHouseHoldData(BESHouseHoldDataController.java:103) - #获取高速(服务区,收费站,隧道)的数据
[16:40:26:196] [INFO] - com.efounder.JEnterprise.controller.dataAnalysises.BESHouseHoldDataController.queryHouseHoldData(BESHouseHoldDataController.java:103) - #获取高速(服务区,收费站,隧道)的数据
[16:40:26:206] [INFO] - com.efounder.JEnterprise.controller.basedatamanage.workbench.BESWorkBenchTreeController.getEnergyYearDataNew(BESWorkBenchTreeController.java:347) - #本年能耗以及本年能耗峰值
[16:40:26:209] [INFO] - com.efounder.JEnterprise.controller.basedatamanage.workbench.BESWorkBenchTreeController.gztLeftRefresh(BESWorkBenchTreeController.java:152) - #环比照明数据对接
[16:40:26:209] [INFO] - com.efounder.JEnterprise.controller.basedatamanage.workbench.BESWorkBenchTreeController.gztLeftRefresh(BESWorkBenchTreeController.java:152) - #环比照明数据对接
[16:40:26:232] [INFO] - com.efounder.JEnterprise.service.basedatamanage.energyinformation.impl.BESParkServiceImpl.findAllPark(BESParkServiceImpl.java:57) - #parkMapper获取表中全部信息
[16:40:26:238] [INFO] - com.efounder.JEnterprise.controller.basedatamanage.workbench.BESWorkBenchTreeController.selectEnergyYearData(BESWorkBenchTreeController.java:273) - #园区信息
[16:40:26:867] [INFO] - com.efounder.JEnterprise.service.usercenter.impl.ESUserServiceImpl.findUserByusername(ESUserServiceImpl.java:254) - # 查询用户编号与角色信息
[16:40:26:872] [INFO] - com.efounder.JEnterprise.service.systemcenter.logmanage.Impl.ESSysLoginLogServiceImpl.addSysLoginLogid(ESSysLoginLogServiceImpl.java:46) - #esSysLoginLogMapper添加日志信息
[16:40:27:018] [INFO] - com.efounder.JEnterprise.controller.LoginController.login(LoginController.java:77) - #去登录
[16:40:27:122] [INFO] - org.ace.websocket.core.TextWebSocketFrameHandler.channelInactive(TextWebSocketFrameHandler.java:171) - Channel deactived. remote Address:/127.0.0.1:62784
[16:40:27:835] [INFO] - com.efounder.JEnterprise.controller.LoginController.login(LoginController.java:145) - # 登录中 
[16:40:27:835] [INFO] - com.efounder.JEnterprise.service.usercenter.impl.ESUserServiceImpl.findUserById(ESUserServiceImpl.java:221) - #userMapper获取用户信息
[16:40:27:843] [INFO] - com.efounder.JEnterprise.controller.LoginController.login(LoginController.java:171) - 对用户[administrator]进行登录验证..验证开始
[16:40:27:843] [INFO] - com.efounder.JEnterprise.service.usercenter.impl.ESUserServiceImpl.findUserById(ESUserServiceImpl.java:221) - #userMapper获取用户信息
[16:40:27:879] [INFO] - com.efounder.JEnterprise.controller.LoginController.login(LoginController.java:173) - 对用户[administrator]进行登录验证..验证通过
[16:40:27:879] [INFO] - com.efounder.JEnterprise.controller.LoginController.login(LoginController.java:197) - 用户[administrator]登录认证通过(这里可以进行一些认证通过后的一些系统参数初始化操作)
[16:40:27:880] [INFO] - com.efounder.JEnterprise.service.usercenter.impl.ESUserServiceImpl.findUserByusername(ESUserServiceImpl.java:254) - # 查询用户编号与角色信息
[16:40:27:882] [INFO] - com.efounder.JEnterprise.service.systemcenter.logmanage.Impl.ESSysLoginLogServiceImpl.addSysLoginLogid(ESSysLoginLogServiceImpl.java:46) - #esSysLoginLogMapper添加日志信息
[16:40:27:966] [INFO] - com.efounder.JEnterprise.controller.MainController.home(MainController.java:21) - # 进入默认首页
[16:40:28:188] [INFO] - com.efounder.JEnterprise.controller.LoginController.getLeftMenu(LoginController.java:342) - 加载左侧树
[16:40:28:236] [INFO] - com.efounder.JEnterprise.controller.dataAnalysises.wainingInfo.WariningMonitoringController.getNoRecoverCount(WariningMonitoringController.java:233) - # BESBattery_Alarm_RecordController 刷新当前未恢复条数信息
[16:40:28:237] [INFO] - com.efounder.JEnterprise.controller.LoginController.getLeftMenu(LoginController.java:342) - 加载左侧树
[16:40:28:315] [INFO] - org.ace.websocket.core.TextWebSocketFrameHandler.channelActive(TextWebSocketFrameHandler.java:154) - Channel active. remote Address:/127.0.0.1:62795
[16:40:28:325] [INFO] - com.efounder.JEnterprise.controller.GHEEViewController.mainIdex(GHEEViewController.java:33) - # loding view/main-index
[16:40:28:330] [INFO] - org.ace.websocket.handler.login.LoginCmdHandler.updateChannelProperty(LoginCmdHandler.java:98) - Bind propertis to channel. session:85E539712AEDC1DE1C37211ACA3BA814 user:administrator
[16:40:28:330] [INFO] - org.ace.websocket.handler.login.LoginCmdHandler.execute(LoginCmdHandler.java:71) - user id:administrator and session id:85E539712AEDC1DE1C37211ACA3BA814 Login webSocket ok
[16:40:28:367] [INFO] - com.efounder.JEnterprise.controller.basedatamanage.workbench.BESWorkBenchTreeController.getleftInfo(BESWorkBenchTreeController.java:228) - #园区信息
[16:40:28:368] [INFO] - com.efounder.JEnterprise.controller.dataAnalysises.BESHouseHoldDataController.queryHouseHoldData(BESHouseHoldDataController.java:103) - #获取高速(服务区,收费站,隧道)的数据
[16:40:28:368] [INFO] - com.efounder.JEnterprise.controller.basedatamanage.workbench.BESWorkBenchTreeController.getHouseHoldDataNew(BESWorkBenchTreeController.java:310) - #今日能耗趋势接口
[16:40:28:368] [INFO] - com.efounder.JEnterprise.controller.basedatamanage.workbench.BESWorkBenchTreeController.GetTodayRankEnergyNew(BESWorkBenchTreeController.java:292) - #今日能耗排行接口
[16:40:28:370] [INFO] - com.efounder.JEnterprise.controller.dataAnalysises.BESHouseHoldDataController.queryHouseHoldData(BESHouseHoldDataController.java:103) - #获取高速(服务区,收费站,隧道)的数据
[16:40:28:371] [INFO] - com.efounder.JEnterprise.controller.basedatamanage.workbench.BESWorkBenchTreeController.illuminationNew(BESWorkBenchTreeController.java:328) - #今日同环比,本月同环比接口
[16:40:28:376] [INFO] - com.efounder.JEnterprise.controller.basedatamanage.workbench.BESWorkBenchTreeController.illuminationNew(BESWorkBenchTreeController.java:328) - #今日同环比,本月同环比接口
[16:40:28:377] [INFO] - com.efounder.JEnterprise.controller.basedatamanage.workbench.BESWorkBenchTreeController.illuminationNew(BESWorkBenchTreeController.java:328) - #今日同环比,本月同环比接口
[16:40:28:380] [INFO] - com.efounder.JEnterprise.controller.basedatamanage.workbench.BESWorkBenchTreeController.illuminationNew(BESWorkBenchTreeController.java:328) - #今日同环比,本月同环比接口
[16:40:28:382] [INFO] - com.efounder.JEnterprise.controller.basedatamanage.workbench.BESWorkBenchTreeController.getEnergyYearDataNew(BESWorkBenchTreeController.java:347) - #本年能耗以及本年能耗峰值
[16:40:28:385] [INFO] - com.efounder.JEnterprise.controller.basedatamanage.workbench.BESWorkBenchTreeController.gztLeftRefresh(BESWorkBenchTreeController.java:152) - #环比照明数据对接
[16:40:28:387] [INFO] - com.efounder.JEnterprise.controller.basedatamanage.workbench.BESWorkBenchTreeController.gztLeftRefresh(BESWorkBenchTreeController.java:152) - #环比照明数据对接
[16:40:28:404] [INFO] - com.efounder.JEnterprise.service.basedatamanage.energyinformation.impl.BESParkServiceImpl.findAllPark(BESParkServiceImpl.java:57) - #parkMapper获取表中全部信息
[16:40:28:409] [INFO] - com.efounder.JEnterprise.controller.basedatamanage.workbench.BESWorkBenchTreeController.selectEnergyYearData(BESWorkBenchTreeController.java:273) - #园区信息
[16:40:31:170] [INFO] - com.efounder.JEnterprise.controller.basedatamanage.eqmanage.BesplanConfigController.getPlan(BesplanConfigController.java:37) - BesplanConfigController初始化場景配置list頁面
[16:40:31:323] [INFO] - com.efounder.JEnterprise.controller.basedatamanage.eqmanage.BesplanConfigController.getPlanTree(BesplanConfigController.java:53) - #BesplanConfigController 生成场景配置树
[16:40:32:404] [INFO] - com.efounder.JEnterprise.controller.basedatamanage.eqmanage.BesplanConfigController.selectOptionByScene(BesplanConfigController.java:163) - #BesplanConfigController查询所有场景
[16:40:32:413] [INFO] - com.efounder.JEnterprise.controller.basedatamanage.eqmanage.BesplanConfigController.selectOptionByMode(BesplanConfigController.java:175) - #BesplanConfigController根据场景Id查询所有模式类型
[16:40:32:421] [INFO] - com.efounder.JEnterprise.controller.basedatamanage.eqmanage.BesplanConfigController.selectCollectPlanInfomation(BesplanConfigController.java:199) - #BesplanConfigController根据计划Id查询所有计划信息
[16:41:23:054] [ERROR] - com.efounder.JEnterprise.timer.manage.PduStatusManage.getOnlineData(PduStatusManage.java:143) - 在线状态的PDU设备数据获取方法-请求报错:Connect to localhost:8060 [localhost/127.0.0.1, localhost/0:0:0:0:0:0:0:1] failed: Connection refused: connect
[16:42:27:129] [ERROR] - com.efounder.JEnterprise.timer.manage.PduStatusManage.getOnlineData(PduStatusManage.java:143) - 在线状态的PDU设备数据获取方法-请求报错:Connect to localhost:8060 [localhost/127.0.0.1, localhost/0:0:0:0:0:0:0:1] failed: Connection refused: connect
[16:43:31:186] [ERROR] - com.efounder.JEnterprise.timer.manage.PduStatusManage.getOnlineData(PduStatusManage.java:143) - 在线状态的PDU设备数据获取方法-请求报错:Connect to localhost:8060 [localhost/127.0.0.1, localhost/0:0:0:0:0:0:0:1] failed: Connection refused: connect
[16:44:35:278] [ERROR] - com.efounder.JEnterprise.timer.manage.PduStatusManage.getOnlineData(PduStatusManage.java:143) - 在线状态的PDU设备数据获取方法-请求报错:Connect to localhost:8060 [localhost/127.0.0.1, localhost/0:0:0:0:0:0:0:1] failed: Connection refused: connect
[16:45:14:819] [INFO] - com.efounder.JEnterprise.timer.manage.PduStatusManage.lambda$statusMonitor$2(PduStatusManage.java:162) - PDU开关状态监测方法调用************************
[16:45:14:820] [INFO] - com.efounder.JEnterprise.timer.manage.PduStatusManage.statusCompare(PduStatusManage.java:179) - PDU状态没有缓存数据,不继续执行判断：PduStatusData.switchStatusMap.size()=0
[16:45:39:335] [ERROR] - com.efounder.JEnterprise.timer.manage.PduStatusManage.getOnlineData(PduStatusManage.java:143) - 在线状态的PDU设备数据获取方法-请求报错:Connect to localhost:8060 [localhost/127.0.0.1, localhost/0:0:0:0:0:0:0:1] failed: Connection refused: connect
[16:46:43:396] [ERROR] - com.efounder.JEnterprise.timer.manage.PduStatusManage.getOnlineData(PduStatusManage.java:143) - 在线状态的PDU设备数据获取方法-请求报错:Connect to localhost:8060 [localhost/127.0.0.1, localhost/0:0:0:0:0:0:0:1] failed: Connection refused: connect
[16:47:47:460] [ERROR] - com.efounder.JEnterprise.timer.manage.PduStatusManage.getOnlineData(PduStatusManage.java:143) - 在线状态的PDU设备数据获取方法-请求报错:Connect to localhost:8060 [localhost/127.0.0.1, localhost/0:0:0:0:0:0:0:1] failed: Connection refused: connect
[16:48:51:526] [ERROR] - com.efounder.JEnterprise.timer.manage.PduStatusManage.getOnlineData(PduStatusManage.java:143) - 在线状态的PDU设备数据获取方法-请求报错:Connect to localhost:8060 [localhost/127.0.0.1, localhost/0:0:0:0:0:0:0:1] failed: Connection refused: connect
[16:49:55:593] [ERROR] - com.efounder.JEnterprise.timer.manage.PduStatusManage.getOnlineData(PduStatusManage.java:143) - 在线状态的PDU设备数据获取方法-请求报错:Connect to localhost:8060 [localhost/127.0.0.1, localhost/0:0:0:0:0:0:0:1] failed: Connection refused: connect
[16:50:14:821] [INFO] - com.efounder.JEnterprise.timer.manage.PduStatusManage.lambda$statusMonitor$2(PduStatusManage.java:162) - PDU开关状态监测方法调用************************
[16:50:14:822] [INFO] - com.efounder.JEnterprise.timer.manage.PduStatusManage.statusCompare(PduStatusManage.java:179) - PDU状态没有缓存数据,不继续执行判断：PduStatusData.switchStatusMap.size()=0
[16:50:59:648] [ERROR] - com.efounder.JEnterprise.timer.manage.PduStatusManage.getOnlineData(PduStatusManage.java:143) - 在线状态的PDU设备数据获取方法-请求报错:Connect to localhost:8060 [localhost/127.0.0.1, localhost/0:0:0:0:0:0:0:1] failed: Connection refused: connect
[16:52:03:692] [ERROR] - com.efounder.JEnterprise.timer.manage.PduStatusManage.getOnlineData(PduStatusManage.java:143) - 在线状态的PDU设备数据获取方法-请求报错:Connect to localhost:8060 [localhost/127.0.0.1, localhost/0:0:0:0:0:0:0:1] failed: Connection refused: connect
[16:53:07:781] [ERROR] - com.efounder.JEnterprise.timer.manage.PduStatusManage.getOnlineData(PduStatusManage.java:143) - 在线状态的PDU设备数据获取方法-请求报错:Connect to localhost:8060 [localhost/127.0.0.1, localhost/0:0:0:0:0:0:0:1] failed: Connection refused: connect
[16:54:11:833] [ERROR] - com.efounder.JEnterprise.timer.manage.PduStatusManage.getOnlineData(PduStatusManage.java:143) - 在线状态的PDU设备数据获取方法-请求报错:Connect to localhost:8060 [localhost/127.0.0.1, localhost/0:0:0:0:0:0:0:1] failed: Connection refused: connect
[16:55:14:822] [INFO] - com.efounder.JEnterprise.timer.manage.PduStatusManage.lambda$statusMonitor$2(PduStatusManage.java:162) - PDU开关状态监测方法调用************************
[16:55:14:823] [INFO] - com.efounder.JEnterprise.timer.manage.PduStatusManage.statusCompare(PduStatusManage.java:179) - PDU状态没有缓存数据,不继续执行判断：PduStatusData.switchStatusMap.size()=0
[16:55:15:909] [ERROR] - com.efounder.JEnterprise.timer.manage.PduStatusManage.getOnlineData(PduStatusManage.java:143) - 在线状态的PDU设备数据获取方法-请求报错:Connect to localhost:8060 [localhost/127.0.0.1, localhost/0:0:0:0:0:0:0:1] failed: Connection refused: connect
[16:56:19:999] [ERROR] - com.efounder.JEnterprise.timer.manage.PduStatusManage.getOnlineData(PduStatusManage.java:143) - 在线状态的PDU设备数据获取方法-请求报错:Connect to localhost:8060 [localhost/127.0.0.1, localhost/0:0:0:0:0:0:0:1] failed: Connection refused: connect
[16:57:24:067] [ERROR] - com.efounder.JEnterprise.timer.manage.PduStatusManage.getOnlineData(PduStatusManage.java:143) - 在线状态的PDU设备数据获取方法-请求报错:Connect to localhost:8060 [localhost/127.0.0.1, localhost/0:0:0:0:0:0:0:1] failed: Connection refused: connect
[16:58:28:157] [ERROR] - com.efounder.JEnterprise.timer.manage.PduStatusManage.getOnlineData(PduStatusManage.java:143) - 在线状态的PDU设备数据获取方法-请求报错:Connect to localhost:8060 [localhost/127.0.0.1, localhost/0:0:0:0:0:0:0:1] failed: Connection refused: connect
[16:59:32:223] [ERROR] - com.efounder.JEnterprise.timer.manage.PduStatusManage.getOnlineData(PduStatusManage.java:143) - 在线状态的PDU设备数据获取方法-请求报错:Connect to localhost:8060 [localhost/127.0.0.1, localhost/0:0:0:0:0:0:0:1] failed: Connection refused: connect
[17:00:14:824] [INFO] - com.efounder.JEnterprise.timer.manage.PduStatusManage.lambda$statusMonitor$2(PduStatusManage.java:162) - PDU开关状态监测方法调用************************
[17:00:14:825] [INFO] - com.efounder.JEnterprise.timer.manage.PduStatusManage.statusCompare(PduStatusManage.java:179) - PDU状态没有缓存数据,不继续执行判断：PduStatusData.switchStatusMap.size()=0
[17:00:36:293] [ERROR] - com.efounder.JEnterprise.timer.manage.PduStatusManage.getOnlineData(PduStatusManage.java:143) - 在线状态的PDU设备数据获取方法-请求报错:Connect to localhost:8060 [localhost/127.0.0.1, localhost/0:0:0:0:0:0:0:1] failed: Connection refused: connect
[17:01:40:365] [ERROR] - com.efounder.JEnterprise.timer.manage.PduStatusManage.getOnlineData(PduStatusManage.java:143) - 在线状态的PDU设备数据获取方法-请求报错:Connect to localhost:8060 [localhost/127.0.0.1, localhost/0:0:0:0:0:0:0:1] failed: Connection refused: connect
[17:02:44:446] [ERROR] - com.efounder.JEnterprise.timer.manage.PduStatusManage.getOnlineData(PduStatusManage.java:143) - 在线状态的PDU设备数据获取方法-请求报错:Connect to localhost:8060 [localhost/127.0.0.1, localhost/0:0:0:0:0:0:0:1] failed: Connection refused: connect
[17:03:48:523] [ERROR] - com.efounder.JEnterprise.timer.manage.PduStatusManage.getOnlineData(PduStatusManage.java:143) - 在线状态的PDU设备数据获取方法-请求报错:Connect to localhost:8060 [localhost/127.0.0.1, localhost/0:0:0:0:0:0:0:1] failed: Connection refused: connect
[17:04:52:611] [ERROR] - com.efounder.JEnterprise.timer.manage.PduStatusManage.getOnlineData(PduStatusManage.java:143) - 在线状态的PDU设备数据获取方法-请求报错:Connect to localhost:8060 [localhost/127.0.0.1, localhost/0:0:0:0:0:0:0:1] failed: Connection refused: connect
[17:05:14:826] [INFO] - com.efounder.JEnterprise.timer.manage.PduStatusManage.lambda$statusMonitor$2(PduStatusManage.java:162) - PDU开关状态监测方法调用************************
[17:05:14:827] [INFO] - com.efounder.JEnterprise.timer.manage.PduStatusManage.statusCompare(PduStatusManage.java:179) - PDU状态没有缓存数据,不继续执行判断：PduStatusData.switchStatusMap.size()=0
[17:05:56:675] [ERROR] - com.efounder.JEnterprise.timer.manage.PduStatusManage.getOnlineData(PduStatusManage.java:143) - 在线状态的PDU设备数据获取方法-请求报错:Connect to localhost:8060 [localhost/127.0.0.1, localhost/0:0:0:0:0:0:0:1] failed: Connection refused: connect
[17:07:00:766] [ERROR] - com.efounder.JEnterprise.timer.manage.PduStatusManage.getOnlineData(PduStatusManage.java:143) - 在线状态的PDU设备数据获取方法-请求报错:Connect to localhost:8060 [localhost/127.0.0.1, localhost/0:0:0:0:0:0:0:1] failed: Connection refused: connect
[17:08:04:835] [ERROR] - com.efounder.JEnterprise.timer.manage.PduStatusManage.getOnlineData(PduStatusManage.java:143) - 在线状态的PDU设备数据获取方法-请求报错:Connect to localhost:8060 [localhost/127.0.0.1, localhost/0:0:0:0:0:0:0:1] failed: Connection refused: connect
[17:09:08:915] [ERROR] - com.efounder.JEnterprise.timer.manage.PduStatusManage.getOnlineData(PduStatusManage.java:143) - 在线状态的PDU设备数据获取方法-请求报错:Connect to localhost:8060 [localhost/127.0.0.1, localhost/0:0:0:0:0:0:0:1] failed: Connection refused: connect
[17:10:13:011] [ERROR] - com.efounder.JEnterprise.timer.manage.PduStatusManage.getOnlineData(PduStatusManage.java:143) - 在线状态的PDU设备数据获取方法-请求报错:Connect to localhost:8060 [localhost/127.0.0.1, localhost/0:0:0:0:0:0:0:1] failed: Connection refused: connect
[17:10:14:827] [INFO] - com.efounder.JEnterprise.timer.manage.PduStatusManage.lambda$statusMonitor$2(PduStatusManage.java:162) - PDU开关状态监测方法调用************************
[17:10:14:828] [INFO] - com.efounder.JEnterprise.timer.manage.PduStatusManage.statusCompare(PduStatusManage.java:179) - PDU状态没有缓存数据,不继续执行判断：PduStatusData.switchStatusMap.size()=0
[17:11:17:071] [ERROR] - com.efounder.JEnterprise.timer.manage.PduStatusManage.getOnlineData(PduStatusManage.java:143) - 在线状态的PDU设备数据获取方法-请求报错:Connect to localhost:8060 [localhost/127.0.0.1, localhost/0:0:0:0:0:0:0:1] failed: Connection refused: connect
[17:12:21:143] [ERROR] - com.efounder.JEnterprise.timer.manage.PduStatusManage.getOnlineData(PduStatusManage.java:143) - 在线状态的PDU设备数据获取方法-请求报错:Connect to localhost:8060 [localhost/127.0.0.1, localhost/0:0:0:0:0:0:0:1] failed: Connection refused: connect
[17:13:25:203] [ERROR] - com.efounder.JEnterprise.timer.manage.PduStatusManage.getOnlineData(PduStatusManage.java:143) - 在线状态的PDU设备数据获取方法-请求报错:Connect to localhost:8060 [localhost/127.0.0.1, localhost/0:0:0:0:0:0:0:1] failed: Connection refused: connect
[17:14:29:270] [ERROR] - com.efounder.JEnterprise.timer.manage.PduStatusManage.getOnlineData(PduStatusManage.java:143) - 在线状态的PDU设备数据获取方法-请求报错:Connect to localhost:8060 [localhost/127.0.0.1, localhost/0:0:0:0:0:0:0:1] failed: Connection refused: connect
[17:15:14:829] [INFO] - com.efounder.JEnterprise.timer.manage.PduStatusManage.lambda$statusMonitor$2(PduStatusManage.java:162) - PDU开关状态监测方法调用************************
[17:15:14:830] [INFO] - com.efounder.JEnterprise.timer.manage.PduStatusManage.statusCompare(PduStatusManage.java:179) - PDU状态没有缓存数据,不继续执行判断：PduStatusData.switchStatusMap.size()=0
[17:15:33:341] [ERROR] - com.efounder.JEnterprise.timer.manage.PduStatusManage.getOnlineData(PduStatusManage.java:143) - 在线状态的PDU设备数据获取方法-请求报错:Connect to localhost:8060 [localhost/127.0.0.1, localhost/0:0:0:0:0:0:0:1] failed: Connection refused: connect
[17:16:37:416] [ERROR] - com.efounder.JEnterprise.timer.manage.PduStatusManage.getOnlineData(PduStatusManage.java:143) - 在线状态的PDU设备数据获取方法-请求报错:Connect to localhost:8060 [localhost/127.0.0.1, localhost/0:0:0:0:0:0:0:1] failed: Connection refused: connect
[17:17:41:497] [ERROR] - com.efounder.JEnterprise.timer.manage.PduStatusManage.getOnlineData(PduStatusManage.java:143) - 在线状态的PDU设备数据获取方法-请求报错:Connect to localhost:8060 [localhost/127.0.0.1, localhost/0:0:0:0:0:0:0:1] failed: Connection refused: connect
[17:18:45:579] [ERROR] - com.efounder.JEnterprise.timer.manage.PduStatusManage.getOnlineData(PduStatusManage.java:143) - 在线状态的PDU设备数据获取方法-请求报错:Connect to localhost:8060 [localhost/127.0.0.1, localhost/0:0:0:0:0:0:0:1] failed: Connection refused: connect
[17:19:49:661] [ERROR] - com.efounder.JEnterprise.timer.manage.PduStatusManage.getOnlineData(PduStatusManage.java:143) - 在线状态的PDU设备数据获取方法-请求报错:Connect to localhost:8060 [localhost/127.0.0.1, localhost/0:0:0:0:0:0:0:1] failed: Connection refused: connect
[17:20:14:830] [INFO] - com.efounder.JEnterprise.timer.manage.PduStatusManage.lambda$statusMonitor$2(PduStatusManage.java:162) - PDU开关状态监测方法调用************************
[17:20:14:831] [INFO] - com.efounder.JEnterprise.timer.manage.PduStatusManage.statusCompare(PduStatusManage.java:179) - PDU状态没有缓存数据,不继续执行判断：PduStatusData.switchStatusMap.size()=0
[17:20:53:739] [ERROR] - com.efounder.JEnterprise.timer.manage.PduStatusManage.getOnlineData(PduStatusManage.java:143) - 在线状态的PDU设备数据获取方法-请求报错:Connect to localhost:8060 [localhost/127.0.0.1, localhost/0:0:0:0:0:0:0:1] failed: Connection refused: connect
[17:21:57:818] [ERROR] - com.efounder.JEnterprise.timer.manage.PduStatusManage.getOnlineData(PduStatusManage.java:143) - 在线状态的PDU设备数据获取方法-请求报错:Connect to localhost:8060 [localhost/127.0.0.1, localhost/0:0:0:0:0:0:0:1] failed: Connection refused: connect
[17:23:01:905] [ERROR] - com.efounder.JEnterprise.timer.manage.PduStatusManage.getOnlineData(PduStatusManage.java:143) - 在线状态的PDU设备数据获取方法-请求报错:Connect to localhost:8060 [localhost/127.0.0.1, localhost/0:0:0:0:0:0:0:1] failed: Connection refused: connect
[17:24:05:960] [ERROR] - com.efounder.JEnterprise.timer.manage.PduStatusManage.getOnlineData(PduStatusManage.java:143) - 在线状态的PDU设备数据获取方法-请求报错:Connect to localhost:8060 [localhost/127.0.0.1, localhost/0:0:0:0:0:0:0:1] failed: Connection refused: connect
[17:25:10:061] [ERROR] - com.efounder.JEnterprise.timer.manage.PduStatusManage.getOnlineData(PduStatusManage.java:143) - 在线状态的PDU设备数据获取方法-请求报错:Connect to localhost:8060 [localhost/127.0.0.1, localhost/0:0:0:0:0:0:0:1] failed: Connection refused: connect
[17:25:14:832] [INFO] - com.efounder.JEnterprise.timer.manage.PduStatusManage.lambda$statusMonitor$2(PduStatusManage.java:162) - PDU开关状态监测方法调用************************
[17:25:14:833] [INFO] - com.efounder.JEnterprise.timer.manage.PduStatusManage.statusCompare(PduStatusManage.java:179) - PDU状态没有缓存数据,不继续执行判断：PduStatusData.switchStatusMap.size()=0
[17:26:14:144] [ERROR] - com.efounder.JEnterprise.timer.manage.PduStatusManage.getOnlineData(PduStatusManage.java:143) - 在线状态的PDU设备数据获取方法-请求报错:Connect to localhost:8060 [localhost/127.0.0.1, localhost/0:0:0:0:0:0:0:1] failed: Connection refused: connect
[17:27:18:213] [ERROR] - com.efounder.JEnterprise.timer.manage.PduStatusManage.getOnlineData(PduStatusManage.java:143) - 在线状态的PDU设备数据获取方法-请求报错:Connect to localhost:8060 [localhost/127.0.0.1, localhost/0:0:0:0:0:0:0:1] failed: Connection refused: connect
[17:28:22:321] [ERROR] - com.efounder.JEnterprise.timer.manage.PduStatusManage.getOnlineData(PduStatusManage.java:143) - 在线状态的PDU设备数据获取方法-请求报错:Connect to localhost:8060 [localhost/127.0.0.1, localhost/0:0:0:0:0:0:0:1] failed: Connection refused: connect
[17:29:26:383] [ERROR] - com.efounder.JEnterprise.timer.manage.PduStatusManage.getOnlineData(PduStatusManage.java:143) - 在线状态的PDU设备数据获取方法-请求报错:Connect to localhost:8060 [localhost/127.0.0.1, localhost/0:0:0:0:0:0:0:1] failed: Connection refused: connect
[17:30:14:833] [INFO] - com.efounder.JEnterprise.timer.manage.PduStatusManage.lambda$statusMonitor$2(PduStatusManage.java:162) - PDU开关状态监测方法调用************************
[17:30:14:834] [INFO] - com.efounder.JEnterprise.timer.manage.PduStatusManage.statusCompare(PduStatusManage.java:179) - PDU状态没有缓存数据,不继续执行判断：PduStatusData.switchStatusMap.size()=0
[17:30:30:448] [ERROR] - com.efounder.JEnterprise.timer.manage.PduStatusManage.getOnlineData(PduStatusManage.java:143) - 在线状态的PDU设备数据获取方法-请求报错:Connect to localhost:8060 [localhost/127.0.0.1, localhost/0:0:0:0:0:0:0:1] failed: Connection refused: connect
[17:31:34:519] [ERROR] - com.efounder.JEnterprise.timer.manage.PduStatusManage.getOnlineData(PduStatusManage.java:143) - 在线状态的PDU设备数据获取方法-请求报错:Connect to localhost:8060 [localhost/127.0.0.1, localhost/0:0:0:0:0:0:0:1] failed: Connection refused: connect
[17:32:38:610] [ERROR] - com.efounder.JEnterprise.timer.manage.PduStatusManage.getOnlineData(PduStatusManage.java:143) - 在线状态的PDU设备数据获取方法-请求报错:Connect to localhost:8060 [localhost/127.0.0.1, localhost/0:0:0:0:0:0:0:1] failed: Connection refused: connect
[17:33:42:694] [ERROR] - com.efounder.JEnterprise.timer.manage.PduStatusManage.getOnlineData(PduStatusManage.java:143) - 在线状态的PDU设备数据获取方法-请求报错:Connect to localhost:8060 [localhost/127.0.0.1, localhost/0:0:0:0:0:0:0:1] failed: Connection refused: connect
[17:34:07:604] [INFO] - org.springframework.context.support.AbstractApplicationContext.doClose(AbstractApplicationContext.java:984) - Closing org.springframework.boot.context.embedded.AnnotationConfigEmbeddedWebApplicationContext@73c8c61a: startup date [Thu Mar 03 16:39:10 CST 2022]; parent: org.springframework.context.annotation.AnnotationConfigApplicationContext@e32fc35
[17:34:07:609] [INFO] - org.springframework.context.support.DefaultLifecycleProcessor$LifecycleGroup.stop(DefaultLifecycleProcessor.java:358) - Stopping beans in phase 2147483647
[17:34:07:611] [INFO] - org.quartz.core.QuartzScheduler.standby(QuartzScheduler.java:613) - Scheduler RuoyiScheduler_$_LAPTOP-N3H3E24K1646296777458 paused.
[17:34:07:611] [INFO] - org.springframework.context.support.DefaultLifecycleProcessor$LifecycleGroup.stop(DefaultLifecycleProcessor.java:358) - Stopping beans in phase 0
[17:34:07:612] [INFO] - org.springframework.integration.endpoint.EventDrivenConsumer.logComponentSubscriptionEvent(EventDrivenConsumer.java:108) - Removing {logging-channel-adapter:_org.springframework.integration.errorLogger} as a subscriber to the 'errorChannel' channel
[17:34:07:612] [INFO] - org.springframework.integration.channel.AbstractSubscribableChannel.adjustCounterIfNecessary(AbstractSubscribableChannel.java:81) - Channel 'application:dev:8083.errorChannel' has 0 subscriber(s).
[17:34:07:612] [INFO] - org.springframework.integration.endpoint.AbstractEndpoint.stop(AbstractEndpoint.java:154) - stopped _org.springframework.integration.errorLogger
[17:34:07:616] [INFO] - org.springframework.jmx.export.MBeanExporter.destroy(MBeanExporter.java:449) - Unregistering JMX-exposed beans on shutdown
[17:34:07:616] [INFO] - org.springframework.jmx.support.MBeanRegistrationSupport.unregisterBeans(MBeanRegistrationSupport.java:241) - Unregistering JMX-exposed beans
[17:34:07:617] [INFO] - org.springframework.scheduling.concurrent.ExecutorConfigurationSupport.shutdown(ExecutorConfigurationSupport.java:202) - Shutting down ExecutorService 'taskScheduler'
[17:34:07:618] [INFO] - org.springframework.jmx.export.MBeanExporter.destroy(MBeanExporter.java:449) - Unregistering JMX-exposed beans on shutdown
[17:34:07:618] [INFO] - org.springframework.jmx.support.MBeanRegistrationSupport.unregisterBeans(MBeanRegistrationSupport.java:241) - Unregistering JMX-exposed beans
[17:34:07:640] [WARN] - com.netflix.config.sources.URLConfigurationSource.<init>(URLConfigurationSource.java:121) - No URLs will be polled as dynamic configuration sources.
[17:34:07:640] [INFO] - com.netflix.config.sources.URLConfigurationSource.<init>(URLConfigurationSource.java:122) - To enable URLs as dynamic configuration sources, define System property archaius.configurationSource.additionalUrls or make config.properties available on classpath.
[17:34:07:644] [INFO] - org.springframework.scheduling.concurrent.ExecutorConfigurationSupport.shutdown(ExecutorConfigurationSupport.java:202) - Shutting down ExecutorService 'defaultSockJsTaskScheduler'
[17:34:07:649] [INFO] - org.springframework.scheduling.quartz.SchedulerFactoryBean.destroy(SchedulerFactoryBean.java:765) - Shutting down Quartz Scheduler
[17:34:07:649] [INFO] - org.quartz.core.QuartzScheduler.shutdown(QuartzScheduler.java:694) - Scheduler RuoyiScheduler_$_LAPTOP-N3H3E24K1646296777458 shutting down.
[17:34:07:649] [INFO] - org.quartz.core.QuartzScheduler.standby(QuartzScheduler.java:613) - Scheduler RuoyiScheduler_$_LAPTOP-N3H3E24K1646296777458 paused.
[17:34:07:650] [INFO] - org.quartz.core.QuartzScheduler.shutdown(QuartzScheduler.java:771) - Scheduler RuoyiScheduler_$_LAPTOP-N3H3E24K1646296777458 shutdown complete.
